[2024-11-19 21:14:21] error: CustomError - Route not found
[2024-11-19 21:14:21] error: CustomError - Route not found
[2024-11-19 21:14:54] error: CustomError - Route not found
[2024-11-20 17:50:52] error: Internal Server Error - Cannot read properties of null (reading 'id')
[2024-11-20 22:54:03] error: CustomError - Route not found
[2024-11-20 23:19:28] error: CustomError - Route not found
[2024-11-21 00:46:06] error: Internal Server Error - Feature "allowWord" not enabled for your plan.
[2024-11-21 00:46:25] error: Internal Server Error - Feature "allowWord" not enabled for your plan.
[2024-11-21 00:47:30] error: Internal Server Error - Feature "allowWord" not enabled for your plan.
[2024-11-21 00:56:49] error: Internal Server Error - Feature "allowWord" not enabled for your plan.
[2024-11-21 01:00:19] error: Internal Server Error - Feature "allowWord" not enabled for your plan.
[2024-11-21 01:01:58] error: Internal Server Error - Feature "allowWord" not enabled for your plan.
[2024-11-21 01:03:35] error: Internal Server Error - Feature "allowWord" not enabled for your plan.
[2024-11-21 01:04:27] error: Internal Server Error - Feature "allowWord" not enabled for your plan.
[2024-11-21 01:09:48] error: Internal Server Error - Feature "allowWord" not enabled for your plan.
[2024-11-21 01:10:19] error: Internal Server Error - Feature "allowWord" not enabled for your plan.
[2024-11-21 01:22:00] error: Internal Server Error - Usage limit exceeded for feature "maxUserRoles". Limit: 3, Used: 3
[2024-11-21 01:22:20] error: Internal Server Error - Usage limit exceeded for feature "maxUserRoles". Limit: 3, Used: 3
[2024-11-21 01:24:01] error: Internal Server Error - this.confirmAndUpdateUsageLimit is not a function
[2024-11-21 01:26:56] error: Internal Server Error - this.confirmAndUpdateUsageLimit is not a function
[2024-11-21 01:32:45] error: Internal Server Error - Proposal submission limit reached for your institution plan.
[2024-12-01 17:21:27] error: CustomError - Route not found
[2024-12-01 17:22:22] error: CustomError - Route not found
[2024-12-01 17:22:25] error: CustomError - Route not found
[2024-12-01 17:23:55] error: CustomError - Route not found
[2024-12-01 17:24:08] error: CustomError - Route not found
[2024-12-01 17:24:44] error: CustomError - Route not found
[2024-12-01 18:14:07] error: CustomError - Route not found
[2024-12-01 18:14:07] error: CustomError - Route not found
[2024-12-01 18:30:59] error: CustomError - Route not found
[2024-12-01 18:48:13] error: CustomError - Route not found
[2024-12-01 18:48:13] error: CustomError - Route not found
[2024-12-01 18:50:24] error: CustomError - Route not found
[2024-12-01 18:50:24] error: CustomError - Route not found
[2024-12-01 18:50:36] error: CustomError - Route not found
[2024-12-01 18:50:36] error: CustomError - Route not found
[2024-12-01 18:51:05] error: CustomError - Route not found
[2024-12-01 18:51:05] error: CustomError - Route not found
[2024-12-01 18:54:44] error: CustomError - Route not found
[2025-01-30 01:02:04] error: CustomError - Route not found
[2025-01-30 01:03:24] error: Internal Server Error - No metadata for "User" was found.
[2025-01-30 01:07:13] error: Internal Server Error - No metadata for "User" was found.
[2025-01-30 01:10:31] error: Internal Server Error - No metadata for "User" was found.
[2025-01-30 01:15:15] error: Internal Server Error - No metadata for "User" was found.
[2025-02-01 17:40:17] error: Internal Server Error - Cannot read properties of undefined (reading 'getWarehouseById')
[2025-02-01 17:41:18] error: Internal Server Error - Cannot read properties of undefined (reading 'getWarehouseById')
[2025-02-01 17:42:53] error: Internal Server Error - Cannot read properties of undefined (reading 'getWarehouseById')
[2025-02-01 17:42:55] error: Internal Server Error - Cannot read properties of undefined (reading 'getWarehouseById')
[2025-02-01 17:44:51] error: Internal Server Error - Cannot read properties of undefined (reading 'getWarehouseById')
[2025-02-01 17:46:28] error: Internal Server Error - Cannot read properties of undefined (reading 'updateWarehouse')
[2025-02-01 18:07:50] error: Internal Server Error - Expected "payload" to be a plain object.
[2025-03-16 05:00:28] error: Internal Server Error - Expected double-quoted property name in JSON at position 136 (line 7 column 1)
[2025-03-16 05:08:48] error: Internal Server Error - Expected double-quoted property name in JSON at position 189 (line 7 column 1)
[2025-04-27 23:46:21] error: Internal Server Error - Not allowed by CORS
