[2024-11-19 21:14:21] error: CustomError - Route not found
[2024-11-19 21:14:21] error: CustomError - Route not found
[2024-11-19 21:14:54] error: CustomError - Route not found
[2024-11-20 17:50:52] error: Internal Server Error - Cannot read properties of null (reading 'id')
[2024-11-20 22:54:03] error: CustomError - Route not found
[2024-11-20 23:19:28] error: CustomError - Route not found
[2024-11-21 00:46:06] error: Internal Server Error - Feature "allowWord" not enabled for your plan.
[2024-11-21 00:46:25] error: Internal Server Error - Feature "allowWord" not enabled for your plan.
[2024-11-21 00:47:30] error: Internal Server Error - Feature "allowWord" not enabled for your plan.
[2024-11-21 00:56:49] error: Internal Server Error - Feature "allowWord" not enabled for your plan.
[2024-11-21 01:00:19] error: Internal Server Error - Feature "allowWord" not enabled for your plan.
[2024-11-21 01:01:58] error: Internal Server Error - Feature "allowWord" not enabled for your plan.
[2024-11-21 01:03:35] error: Internal Server Error - Feature "allowWord" not enabled for your plan.
[2024-11-21 01:04:27] error: Internal Server Error - Feature "allowWord" not enabled for your plan.
[2024-11-21 01:09:48] error: Internal Server Error - Feature "allowWord" not enabled for your plan.
[2024-11-21 01:10:19] error: Internal Server Error - Feature "allowWord" not enabled for your plan.
[2024-11-21 01:22:00] error: Internal Server Error - Usage limit exceeded for feature "maxUserRoles". Limit: 3, Used: 3
[2024-11-21 01:22:20] error: Internal Server Error - Usage limit exceeded for feature "maxUserRoles". Limit: 3, Used: 3
[2024-11-21 01:24:01] error: Internal Server Error - this.confirmAndUpdateUsageLimit is not a function
[2024-11-21 01:26:56] error: Internal Server Error - this.confirmAndUpdateUsageLimit is not a function
[2024-11-21 01:32:45] error: Internal Server Error - Proposal submission limit reached for your institution plan.
[2024-12-01 17:21:27] error: CustomError - Route not found
[2024-12-01 17:22:22] error: CustomError - Route not found
[2024-12-01 17:22:25] error: CustomError - Route not found
[2024-12-01 17:23:55] error: CustomError - Route not found
[2024-12-01 17:24:08] error: CustomError - Route not found
[2024-12-01 17:24:44] error: CustomError - Route not found
[2024-12-01 18:14:07] error: CustomError - Route not found
[2024-12-01 18:14:07] error: CustomError - Route not found
[2024-12-01 18:30:59] error: CustomError - Route not found
[2024-12-01 18:48:13] error: CustomError - Route not found
[2024-12-01 18:48:13] error: CustomError - Route not found
[2024-12-01 18:50:24] error: CustomError - Route not found
[2024-12-01 18:50:24] error: CustomError - Route not found
[2024-12-01 18:50:36] error: CustomError - Route not found
[2024-12-01 18:50:36] error: CustomError - Route not found
[2024-12-01 18:51:05] error: CustomError - Route not found
[2024-12-01 18:51:05] error: CustomError - Route not found
[2024-12-01 18:54:44] error: CustomError - Route not found
[2025-01-30 01:02:04] error: CustomError - Route not found
[2025-01-30 01:03:24] error: Internal Server Error - No metadata for "User" was found.
[2025-01-30 01:07:13] error: Internal Server Error - No metadata for "User" was found.
[2025-01-30 01:10:31] error: Internal Server Error - No metadata for "User" was found.
[2025-01-30 01:15:15] error: Internal Server Error - No metadata for "User" was found.
[2025-02-01 17:40:17] error: Internal Server Error - Cannot read properties of undefined (reading 'getWarehouseById')
[2025-02-01 17:41:18] error: Internal Server Error - Cannot read properties of undefined (reading 'getWarehouseById')
[2025-02-01 17:42:53] error: Internal Server Error - Cannot read properties of undefined (reading 'getWarehouseById')
[2025-02-01 17:42:55] error: Internal Server Error - Cannot read properties of undefined (reading 'getWarehouseById')
[2025-02-01 17:44:51] error: Internal Server Error - Cannot read properties of undefined (reading 'getWarehouseById')
[2025-02-01 17:46:28] error: Internal Server Error - Cannot read properties of undefined (reading 'updateWarehouse')
[2025-02-01 18:07:50] error: Internal Server Error - Expected "payload" to be a plain object.
[2025-03-16 05:00:28] error: Internal Server Error - Expected double-quoted property name in JSON at position 136 (line 7 column 1)
[2025-03-16 05:08:48] error: Internal Server Error - Expected double-quoted property name in JSON at position 189 (line 7 column 1)
[2025-04-27 23:46:21] error: Internal Server Error - Not allowed by CORS
[2025-05-03 02:16:08] error: Internal Server Error - Cannot read properties of undefined (reading 'create')
[2025-05-03 02:18:42] error: Internal Server Error - Product not found
[2025-05-05 20:39:15] error: Internal Server Error - Cannot read properties of undefined (reading 'id')
[2025-05-05 20:39:16] error: Internal Server Error - Cannot read properties of undefined (reading 'id')
[2025-05-05 20:39:16] error: Internal Server Error - Cannot read properties of undefined (reading 'id')
[2025-05-05 20:39:20] error: Internal Server Error - Cannot read properties of undefined (reading 'id')
[2025-05-05 20:39:24] error: Internal Server Error - Cannot read properties of undefined (reading 'id')
[2025-05-05 21:20:52] error: Internal Server Error - Hostname/IP does not match certificate's altnames: Host: mail.skynettrenewables.com. is not in the cert's altnames: DNS:*.web-hosting.com, DNS:web-hosting.com
[2025-05-05 21:20:53] error: Internal Server Error - Hostname/IP does not match certificate's altnames: Host: mail.skynettrenewables.com. is not in the cert's altnames: DNS:*.web-hosting.com, DNS:web-hosting.com
[2025-05-05 21:20:55] error: Internal Server Error - Hostname/IP does not match certificate's altnames: Host: mail.skynettrenewables.com. is not in the cert's altnames: DNS:*.web-hosting.com, DNS:web-hosting.com
[2025-05-05 21:20:57] error: Internal Server Error - Hostname/IP does not match certificate's altnames: Host: mail.skynettrenewables.com. is not in the cert's altnames: DNS:*.web-hosting.com, DNS:web-hosting.com
[2025-05-05 21:21:03] error: Internal Server Error - Hostname/IP does not match certificate's altnames: Host: mail.skynettrenewables.com. is not in the cert's altnames: DNS:*.web-hosting.com, DNS:web-hosting.com
[2025-05-05 21:23:47] error: Internal Server Error - Greeting never received
[2025-05-05 21:24:18] error: Internal Server Error - Greeting never received
[2025-05-05 21:24:50] error: Internal Server Error - Greeting never received
[2025-05-05 21:25:24] error: Internal Server Error - Greeting never received
[2025-05-05 21:25:42] error: Internal Server Error - Hostname/IP does not match certificate's altnames: Host: mail.skynettrenewables.com. is not in the cert's altnames: DNS:*.web-hosting.com, DNS:web-hosting.com
[2025-05-05 21:25:42] error: Internal Server Error - Hostname/IP does not match certificate's altnames: Host: mail.skynettrenewables.com. is not in the cert's altnames: DNS:*.web-hosting.com, DNS:web-hosting.com
[2025-05-05 21:25:45] error: Internal Server Error - Hostname/IP does not match certificate's altnames: Host: mail.skynettrenewables.com. is not in the cert's altnames: DNS:*.web-hosting.com, DNS:web-hosting.com
[2025-05-05 21:25:47] error: Internal Server Error - Hostname/IP does not match certificate's altnames: Host: mail.skynettrenewables.com. is not in the cert's altnames: DNS:*.web-hosting.com, DNS:web-hosting.com
[2025-05-05 21:25:54] error: Internal Server Error - Hostname/IP does not match certificate's altnames: Host: mail.skynettrenewables.com. is not in the cert's altnames: DNS:*.web-hosting.com, DNS:web-hosting.com
[2025-05-05 21:26:45] error: Internal Server Error - Can't send mail - all recipients were rejected: 550-"Your IP: 104.28.198.120 : Your domain skynett.com is not allowed in header
550 From"
[2025-05-05 21:26:47] error: Internal Server Error - Can't send mail - all recipients were rejected: 550-"Your IP: 104.28.198.120 : Your domain skynett.com is not allowed in header
550 From"
[2025-05-05 21:26:50] error: Internal Server Error - Can't send mail - all recipients were rejected: 550-"Your IP: 104.28.198.120 : Your domain skynett.com is not allowed in header
550 From"
[2025-05-05 21:26:55] error: Internal Server Error - Can't send mail - all recipients were rejected: 550-"Your IP: 104.28.198.120 : Your domain skynett.com is not allowed in header
550 From"
[2025-05-05 21:27:00] error: Internal Server Error - Can't send mail - all recipients were rejected: 550-"Your IP: 104.28.198.120 : Your domain skynett.com is not allowed in header
550 From"
[2025-05-08 09:40:14] error: Internal Server Error - Not allowed by CORS
[2025-05-08 09:40:14] error: Internal Server Error - Not allowed by CORS
[2025-05-08 09:40:15] error: Internal Server Error - Not allowed by CORS
[2025-05-08 09:40:16] error: Internal Server Error - Not allowed by CORS
[2025-05-08 09:40:20] error: Internal Server Error - Not allowed by CORS
[2025-05-08 09:40:32] error: Internal Server Error - Not allowed by CORS
[2025-05-08 09:44:35] error: Internal Server Error - Cannot read properties of undefined (reading 'customerId')
[2025-05-08 09:44:36] error: Internal Server Error - Cannot read properties of undefined (reading 'customerId')
[2025-05-08 09:44:39] error: Internal Server Error - Cannot read properties of undefined (reading 'customerId')
[2025-05-08 09:44:42] error: Internal Server Error - Cannot read properties of undefined (reading 'customerId')
[2025-05-08 09:44:45] error: Internal Server Error - Cannot read properties of undefined (reading 'customerId')
[2025-05-08 09:44:51] error: Internal Server Error - Cannot read properties of undefined (reading 'customerId')
[2025-05-08 10:53:46] error: Internal Server Error - request entity too large
[2025-05-08 10:53:47] error: Internal Server Error - request entity too large
[2025-05-08 10:53:47] error: Internal Server Error - request entity too large
[2025-05-08 10:53:50] error: Internal Server Error - request entity too large
[2025-05-08 10:53:56] error: Internal Server Error - request entity too large
[2025-05-08 10:54:05] error: Internal Server Error - request entity too large
[2025-05-08 10:56:04] error: Internal Server Error - request entity too large
[2025-05-08 10:56:04] error: Internal Server Error - request entity too large
[2025-05-08 10:56:06] error: Internal Server Error - request entity too large
[2025-05-08 10:56:08] error: Internal Server Error - request entity too large
[2025-05-08 10:56:12] error: Internal Server Error - request entity too large
[2025-05-08 10:56:22] error: Internal Server Error - request entity too large
[2025-05-08 10:56:44] error: Internal Server Error - request entity too large
[2025-05-08 10:56:45] error: Internal Server Error - request entity too large
[2025-05-08 10:56:47] error: Internal Server Error - request entity too large
[2025-05-08 10:56:49] error: Internal Server Error - request entity too large
[2025-05-08 10:56:53] error: Internal Server Error - request entity too large
[2025-05-08 10:57:02] error: Internal Server Error - request entity too large
[2025-05-08 11:01:06] error: Internal Server Error - request entity too large
[2025-05-08 17:13:24] error: Scraping error: Navigation timeout of 30000 ms exceeded
[2025-05-08 17:21:28] error: Error processing product at https://shop.gennextechnologies.com/product/jinko-615-watts-solar-panel-tiger-neo-n-type-bifacial/: Cannot query across many-to-many for property categories
[2025-05-08 17:21:34] error: Error processing product at https://shop.gennextechnologies.com/product/590-watts-solar-panel-jinko-solar/: Cannot query across many-to-many for property categories
[2025-05-08 17:21:40] error: Error processing product at https://shop.gennextechnologies.com/product/585-watts-solar-panel-jinko-solar/: Cannot query across many-to-many for property categories
[2025-05-08 17:21:42] error: Error processing product at https://shop.gennextechnologies.com/product/svc-10kwh-lifepo4-48v-100ah-lithium-battery-bmv-series-wall-mounted-with-100a-max-charge-discharge-current/: Cannot query across many-to-many for property categories
[2025-05-08 17:21:48] error: Error processing product at https://shop.gennextechnologies.com/product/svc-lifepo4-15-khw-lithium-battery-48v-200ah-bmf-series-floor-mounted/: Cannot query across many-to-many for property categories
[2025-05-08 17:21:51] error: Error processing product at https://shop.gennextechnologies.com/product/svc-lifepo4-15-khw-lithium-battery-48v-200ah-bmf-series-floor-mounted/: Cannot query across many-to-many for property categories
[2025-05-08 17:22:01] error: Error processing product at https://shop.gennextechnologies.com/product/6-kva-230vac-sorotec-revo-hm-hybrid-inverter/: Cannot query across many-to-many for property categories
[2025-05-08 17:22:03] error: Error processing product at https://shop.gennextechnologies.com/product/6-kva-230vac-sorotec-revo-hm-hybrid-inverter/: Cannot query across many-to-many for property categories
[2025-05-08 17:22:05] error: Error processing product at https://shop.gennextechnologies.com/product/15-kva-48v-3-phase-hybrid-inverter/: Cannot query across many-to-many for property categories
[2025-05-08 17:22:09] error: Error processing product at https://shop.gennextechnologies.com/product/15-kva-48v-3-phase-hybrid-inverter/: Cannot query across many-to-many for property categories
[2025-05-08 17:22:19] error: Error processing product at https://shop.gennextechnologies.com/product/astronergy-580w-solar-panel/: Cannot query across many-to-many for property categories
[2025-05-08 17:22:23] error: Error processing product at https://shop.gennextechnologies.com/product/gennex-y1-electric-motorbike/: Cannot query across many-to-many for property categories
[2025-05-08 17:22:26] error: Error processing product at https://shop.gennextechnologies.com/product/gennex-y1-electric-motorbike/: Cannot query across many-to-many for property categories
[2025-05-08 17:22:30] error: Error processing product at https://shop.gennextechnologies.com/product/gennex-s1-electric-motorbike/: Cannot query across many-to-many for property categories
[2025-05-08 17:22:33] error: Error processing product at https://shop.gennextechnologies.com/product/gennex-s1-electric-motorbike/: Cannot query across many-to-many for property categories
[2025-05-08 17:27:45] error: Error processing product at https://shop.gennextechnologies.com/product/585-watts-solar-panel-jinko-solar/: Property "additionalDetails" was not found in "Product". Make sure your query is correct.
[2025-05-08 17:27:49] error: Error processing product at https://shop.gennextechnologies.com/product/585-watts-solar-panel-jinko-solar/: Property "additionalDetails" was not found in "Product". Make sure your query is correct.
[2025-05-08 17:27:58] error: Error processing product at https://shop.gennextechnologies.com/product/svc-10kwh-lifepo4-48v-100ah-lithium-battery-bmv-series-wall-mounted-with-100a-max-charge-discharge-current/: Property "additionalDetails" was not found in "Product". Make sure your query is correct.
[2025-05-08 17:28:11] error: Error processing product at https://shop.gennextechnologies.com/product/svc-lifepo4-15-khw-lithium-battery-48v-200ah-bmf-series-floor-mounted/: Property "additionalDetails" was not found in "Product". Make sure your query is correct.
[2025-05-08 17:28:27] error: Error processing product at https://shop.gennextechnologies.com/product/6-kva-230vac-sorotec-revo-hm-hybrid-inverter/: Property "additionalDetails" was not found in "Product". Make sure your query is correct.
[2025-05-08 17:28:31] error: Error processing product at https://shop.gennextechnologies.com/product/6-kva-230vac-sorotec-revo-hm-hybrid-inverter/: Property "additionalDetails" was not found in "Product". Make sure your query is correct.
[2025-05-08 17:28:38] error: Error processing product at https://shop.gennextechnologies.com/product/15-kva-48v-3-phase-hybrid-inverter/: Property "additionalDetails" was not found in "Product". Make sure your query is correct.
[2025-05-08 17:28:43] error: Error processing product at https://shop.gennextechnologies.com/product/15-kva-48v-3-phase-hybrid-inverter/: Property "additionalDetails" was not found in "Product". Make sure your query is correct.
[2025-05-08 17:28:48] error: Error processing product at https://shop.gennextechnologies.com/product/astronergy-580w-solar-panel/: Property "additionalDetails" was not found in "Product". Make sure your query is correct.
[2025-05-08 17:28:53] error: Error processing product at https://shop.gennextechnologies.com/product/astronergy-580w-solar-panel/: Property "additionalDetails" was not found in "Product". Make sure your query is correct.
[2025-05-08 17:28:57] error: Error processing product at https://shop.gennextechnologies.com/product/gennex-y1-electric-motorbike/: Property "additionalDetails" was not found in "Product". Make sure your query is correct.
[2025-05-08 20:11:43] error: Error processing product at https://shop.gennextechnologies.com/product/jinko-615-watts-solar-panel-tiger-neo-n-type-bifacial/: Duplicate entry 'f7dc0917-aa7e-4f9a-bd4a-2f1d2a7d34dd-1' for key 'PRIMARY'
[2025-05-08 20:11:47] error: Error processing product at https://shop.gennextechnologies.com/product/590-watts-solar-panel-jinko-solar/: Duplicate entry '10a11455-69f5-4758-8a98-4bf294672e8e-1' for key 'PRIMARY'
[2025-05-08 20:11:50] error: Error processing product at https://shop.gennextechnologies.com/product/590-watts-solar-panel-jinko-solar/: Duplicate entry 'ca7f43c8-b19e-4442-9ef0-116eb342ae8b-1' for key 'PRIMARY'
